C51 COMPILER V7.06   MAIN                                                                  05/02/2017 11:09:13 PAGE 1   


C51 COMPILER V7.06, COMPILATION OF MODULE MAIN
OBJECT MODULE PLACED IN main.OBJ
COMPILER INVOKED BY: E:\Keil\C51\BIN\C51.EXE main.c BROWSE DEBUG OBJECTEXTEND

stmt level    source

   1          #include<reg52.h>
   2          #include <string.h>
   3          #define BAUDRATE 9600
   4          #define SYSCLK 11059200
   5          //sbit LED = P2;
   6          sbit BUZ = P0^0;
   7          bit flag = 0;//是否发送字符串标志
   8          unsigned char str[7];//接收字符串
   9          bit n=1;
  10          void DelayMs(unsigned int xms);
  11          void DelayUs2x(unsigned char t)
  12          {   
  13   1       while(--t);
  14   1      }
  15          
  16          void DelayMs(unsigned char t)
  17          {
*** WARNING C235 IN LINE 17 OF MAIN.C: parameter 1: different types
  18   1           
  19   1       while(t--)
  20   1       {
  21   2           DelayUs2x(2);
  22   2               DelayUs2x(2);
  23   2       }
  24   1      }
  25          void Buz_Contr(unsigned char i)
  26          {
  27   1              if(i==0){       
  28   2                      DelayMs(100); 
  29   2                      BUZ=!BUZ;
  30   2              }
  31   1              else BUZ=1;
  32   1      }
  33          void SendStr(unsigned char *s)
  34          {
  35   1          while(*s!='\0')
  36   1              {
  37   2                      SBUF = *s;
  38   2                      s++;
  39   2                      while(!TI);
  40   2                      TI = 0;
  41   2              }
  42   1      }
  43          void init()
  44          {
  45   1              TMOD=0X20;//启用定时器1：8位自动重装载方式
  46   1              PCON=0; //设置PCON寄存器中的SMOD=0,即波特率不加倍
  47   1              TL1 = TH1 = 256 - SYSCLK /BAUDRATE / 32 / 12;
  48   1              SCON=0X50;
  49   1                      EA=1;
  50   1                      ES=1;
  51   1                      TR1=1;//启动定时器1工作
  52   1      }
  53          void uart_int(void)interrupt 4 
  54          {
C51 COMPILER V7.06   MAIN                                                                  05/02/2017 11:09:13 PAGE 2   

  55   1              static unsigned char i=0;
  56   1              unsigned char temp;
  57   1              if(RI == 1)
  58   1          {           
  59   2                      RI = 0;
  60   2                      temp = SBUF;
  61   2                      if(i == 0)
  62   2                      {
  63   3                              if(temp == '#')
  64   3                              {
  65   4                                      str[i++] = temp;
  66   4                              }
  67   3                      }
  68   2                      else
  69   2                      {
  70   3                              str[i++] = temp;
  71   3                              if(i>=5)
  72   3                              {               
  73   4                                      str[i]='\0';
  74   4                                      flag = 1;
  75   4                                      i=0;
  76   4                              }
  77   3                      }               
  78   2          }
  79   1      }
  80          main()
  81          {
  82   1              init();
  83   1              while(1)
  84   1              {
  85   2                      if(flag == 1)
  86   2                      {
  87   3                              flag = 0;
  88   3                              if(strcmp(str,"#LEDO")==0)
  89   3                              {
  90   4                                              P1=0x00;
  91   4                                      }
  92   3                              else if(strcmp(str,"#LEDF")==0)
  93   3                              {       
  94   4                                              P1=0xff;                                
  95   4                                      }
  96   3                              else if(strcmp(str,"#BUZO")==0)
  97   3                              {               
  98   4                                              SendStr("spk ON\n");
  99   4                                              n=0;
 100   4                                      }
 101   3                              else if(strcmp(str,"#BUZF")==0)
 102   3                              {
 103   4                                              SendStr("spk OFF\n");
 104   4                                              n=1;
 105   4                                      }
 106   3                              }
 107   2                              Buz_Contr(n);
 108   2                              }
 109   1              }
 110          


MODULE INFORMATION:   STATIC OVERLAYABLE
   CODE SIZE        =    286    ----
   CONSTANT SIZE    =     41    ----
   XDATA SIZE       =   ----    ----
C51 COMPILER V7.06   MAIN                                                                  05/02/2017 11:09:13 PAGE 3   

   PDATA SIZE       =   ----    ----
   DATA SIZE        =      8    ----
   IDATA SIZE       =   ----    ----
   BIT SIZE         =      2    ----
END OF MODULE INFORMATION.


C51 COMPILATION COMPLETE.  1 WARNING(S),  0 ERROR(S)
