C51 COMPILER V7.06   1602                                                                  06/07/2017 20:15:23 PAGE 1   


C51 COMPILER V7.06, COMPILATION OF MODULE 1602
OBJECT MODULE PLACED IN 1602.OBJ
COMPILER INVOKED BY: F:\Keil\C51\BIN\C51.EXE 1602.c BROWSE DEBUG OBJECTEXTEND

stmt level    source

   1          #include<reg52.h>
   2          #include<intrins.h>
   3          #include"1602.h"
   4          #include"delay.h"
   5          
   6          
   7          
   8          bit LCD_Check_Busy(void){
   9   1              DataPort=0xff;
  10   1              RS_CLR;
  11   1              RW_SET;
  12   1              EN_CLR;
  13   1              _nop_();
  14   1              EN_SET;
  15   1              return (bit)(DataPort & 0x80);
  16   1      }
  17          
  18          void LCD_Write_Com(unsigned char com){
  19   1              //while(LCD_Check_Busy());//忙则等待
  20   1              DelayMs(5);
  21   1              RS_CLR;
  22   1              RW_CLR;
  23   1              EN_SET;
  24   1              DataPort=com;
  25   1              _nop_();
  26   1              EN_CLR;
  27   1      }
  28          
  29          void LCD_Clear(void){
  30   1              LCD_Write_Com(0x01);
  31   1              DelayMs(5);
  32   1      }
  33          
  34          void LCD_Write_Data(unsigned char Data){
  35   1              //while(LCD_Check_Busy());//忙则等待
  36   1              DelayMs(5);
  37   1              RS_SET;
  38   1              RW_CLR;
  39   1              EN_SET;
  40   1              DataPort=Data;
  41   1              _nop_();
  42   1              EN_CLR;
  43   1      }
  44          
  45          void LCD_Write_Char(unsigned char x,unsigned char y,unsigned char Data){
  46   1              if(y==0){
  47   2                      LCD_Write_Com(0x80+x);
  48   2                              }
  49   1              else{
  50   2                      LCD_Write_Com(0xC0+x);
  51   2                      }
  52   1              LCD_Write_Data(Data);   
  53   1      }
  54          
  55          void LCD_Write_String(unsigned char x,unsigned char y,unsigned char *s){
C51 COMPILER V7.06   1602                                                                  06/07/2017 20:15:23 PAGE 2   

  56   1              if(y==0){
  57   2                      LCD_Write_Com(0x80+x);
  58   2                              }
  59   1              else{
  60   2                      LCD_Write_Com(0xC0+x);
  61   2                      }
  62   1              while(*s){
  63   2              LCD_Write_Data(*s);
  64   2              s++;
  65   2              }       
  66   1      }
  67          
  68          void LCD_Init(void){
  69   1              LCD_Write_Com(0x38);//显示模式设置
  70   1              DelayMs(5);
  71   1              LCD_Write_Com(0x38);
  72   1              DelayMs(5);
  73   1              LCD_Write_Com(0x38);
  74   1              DelayMs(5);
  75   1              LCD_Write_Com(0x38);
  76   1              LCD_Write_Com(0x08);//显示关闭
  77   1              LCD_Write_Com(0x01);//显示清屏
  78   1              LCD_Write_Com(0x06);//显示光标移动设置
  79   1              DelayMs(5);
  80   1              LCD_Write_Com(0x0C);//显示开及光标设置
  81   1      }


MODULE INFORMATION:   STATIC OVERLAYABLE
   CODE SIZE        =    220    ----
   CONSTANT SIZE    =   ----    ----
   XDATA SIZE       =   ----    ----
   PDATA SIZE       =   ----    ----
   DATA SIZE        =   ----       8
   IDATA SIZE       =   ----    ----
   BIT SIZE         =   ----    ----
END OF MODULE INFORMATION.


C51 COMPILATION COMPLETE.  0 WARNING(S),  0 ERROR(S)
