C51 COMPILER V7.06   MAIN                                                                  06/09/2017 21:13:33 PAGE 1   


C51 COMPILER V7.06, COMPILATION OF MODULE MAIN
OBJECT MODULE PLACED IN main.OBJ
COMPILER INVOKED BY: E:\Keil\C51\BIN\C51.EXE main.c BROWSE DEBUG OBJECTEXTEND

stmt level    source

   1          #include <reg51.h>
   2          #define uint unsigned int 
   3          #define uchar unsigned char
   4          sbit beep = P2^4;
   5          uchar code SONG_TONE[]={212,212,190,212,159,169,212,212,190,212,142,159,
   6          212,212,106,126,159,169,190,119,119,126,159,142,159,0};
   7          
   8          uchar code SONG_LONG[]={9,3,12,12,12,24,9,3,12,12,12,24,
   9          9,3,12,12,12,12,12,9,3,12,12,12,24,0};
  10          
  11          //延时
  12          void DelayMS(uint x)
  13          {
  14   1      uchar t;
  15   1      while(x--) for(t=0;t<120;t++);
  16   1      }
  17          
  18          void PlayMusic()
  19          {
  20   1      uint i=0,j,k;
  21   1      while(SONG_LONG[i]!=0||SONG_TONE[i]!=0)
  22   1      { //播放各个音符，SONG_LONG 为拍子长度
  23   2          for(j=0;j<SONG_LONG[i]*20;j++)
  24   2      {
  25   3          beep=~beep;
  26   3      //SONG_TONE 延时表决定了每个音符的频率
  27   3          for(k=0;k<SONG_TONE[i]/3;k++);
  28   3      }
  29   2          DelayMS(10);
  30   2          i++;
  31   2      }
  32   1      }
  33          
  34          
  35          void main()
  36          {
  37   1      
  38   1      beep=0;
  39   1      while(1)
  40   1      {
  41   2      PlayMusic(); //播放生日快乐
  42   2      DelayMS(500); //播放完后暂停一段时间
  43   2      }
  44   1      }


MODULE INFORMATION:   STATIC OVERLAYABLE
   CODE SIZE        =    135    ----
   CONSTANT SIZE    =     52    ----
   XDATA SIZE       =   ----    ----
   PDATA SIZE       =   ----    ----
   DATA SIZE        =   ----       2
   IDATA SIZE       =   ----    ----
   BIT SIZE         =   ----    ----
END OF MODULE INFORMATION.

C51 COMPILER V7.06   MAIN                                                                  06/09/2017 21:13:33 PAGE 2   


C51 COMPILATION COMPLETE.  0 WARNING(S),  0 ERROR(S)
