C51 COMPILER V7.06   MAIN                                                                  04/11/2017 09:22:03 PAGE 1   


C51 COMPILER V7.06, COMPILATION OF MODULE MAIN
OBJECT MODULE PLACED IN main.OBJ
COMPILER INVOKED BY: D:\Keil-3\C51\BIN\C51.EXE main.c BROWSE DEBUG OBJECTEXTEND

stmt level    source

   1          #include<reg51.h>
   2          #define LED P2
   3          sbit KEY=P3^3;
   4          bit waterflag=0;//控制流水灯方向
   5          bit int1flag=0;//是否有中断标志
   6          void initInt1(){
   7   1              IT1=1;//设置边沿检测方式
   8   1              EA=1;
   9   1              EX1=1;//开放int1的中断
  10   1              //PX1=1；//设置优先级，通常不需要
  11   1      }
  12          
  13          void delay(unsigned char i){
  14   1              for(;i>0;i--);
  15   1      }
  16          
  17          void delay1(){
  18   1              unsigned int i;
  19   1              for(i=0;i<30000;i++);
  20   1      }
  21          
  22          void waterled(){
  23   1              static unsigned char tmp=0xfe;//11111110
  24   1              LED=tmp;
  25   1              delay1();
  26   1              if(!waterflag){
  27   2                      tmp=(tmp<<1)|0x1;
  28   2                      if(tmp==0xff)
  29   2                              tmp=0xfe;
  30   2              }else{
  31   2                      tmp=(tmp>>1)|0x80;
  32   2                      if(tmp==0xff)
  33   2                              tmp=0x7f;
  34   2              }
  35   1      }
  36          void int1Service(void) interrupt 2{
  37   1              delay(200);
  38   1              if(KEY==0){
  39   2                      int1flag=1;
  40   2                      EX1=0;
  41   2      }
  42   1      }
  43          
  44          main(){
  45   1              initInt1();//中断的初始化
  46   1              while(1){
  47   2                      waterled();
  48   2                      if(int1flag){
  49   3                              while(KEY==0){//等待按键松开
  50   4                                      waterled();
  51   4                                      }
  52   3                              waterflag=~waterflag;//有按键后更改一下流水灯
  53   3                              int1flag=0;
  54   3                              EX1=1;  
  55   3                              }
C51 COMPILER V7.06   MAIN                                                                  04/11/2017 09:22:03 PAGE 2   

  56   2              }
  57   1      }
  58          
  59          
  60          
  61          
  62          
  63          
  64          
  65          
  66          
  67          
  68          
  69          
  70          
  71          
  72          


MODULE INFORMATION:   STATIC OVERLAYABLE
   CODE SIZE        =    124    ----
   CONSTANT SIZE    =   ----    ----
   XDATA SIZE       =   ----    ----
   PDATA SIZE       =   ----    ----
   DATA SIZE        =      1    ----
   IDATA SIZE       =   ----    ----
   BIT SIZE         =      2    ----
END OF MODULE INFORMATION.


C51 COMPILATION COMPLETE.  0 WARNING(S),  0 ERROR(S)
