C51 COMPILER V7.06   MAIN                                                                  03/28/2017 09:16:13 PAGE 1   


C51 COMPILER V7.06, COMPILATION OF MODULE MAIN
OBJECT MODULE PLACED IN main.OBJ
COMPILER INVOKED BY: D:\Keil-3\C51\BIN\C51.EXE main.c BROWSE DEBUG OBJECTEXTEND

stmt level    source

   1          #include <reg51.h>
   2          #define uchar unsigned char
   3          #define uint unsigned int
   4          #define DataPort P1
   5          sbit LATCH_D=P2^2;
   6          sbit LATCH_W=P2^3;
   7          uchar code DuanMa[]={0x3f,0x06,0x5b,0x4f,0x66,0x6d,0x7d,0x07,0x7f,0x6f,0x77,0x7c};
   8          uchar code WeiMa[]={0xfe,0xfd,0xfb,0xf7,0xef,0xdf,0xbf,0x7f};
   9          void delayms(uint xms)
  10          {
  11   1              uint i,j;
  12   1              for(i=xms;i>0;i--)
  13   1              for(j=110;j>0;j--);
  14   1      }
  15          
  16          void main(){
  17   1              uchar i=0,num=0;
  18   1              uint j=0;
  19   1              while(1){
  20   2              for(i=0;i<8;i++){
  21   3              DataPort=WeiMa[i];
  22   3              LATCH_W=1;
  23   3              LATCH_W=0;
  24   3      
  25   3              DataPort=DuanMa[i+num];
  26   3              LATCH_D=1;
  27   3              LATCH_D=0;
  28   3              delayms(1);
  29   3              j++;
  30   3              if(1000==j){
  31   4              j=0;
  32   4              num++;
  33   4              if(9==num)
  34   4              num=0;
  35   4      }
  36   3      }
  37   2      }
  38   1      }               


MODULE INFORMATION:   STATIC OVERLAYABLE
   CODE SIZE        =    100    ----
   CONSTANT SIZE    =     20    ----
   XDATA SIZE       =   ----    ----
   PDATA SIZE       =   ----    ----
   DATA SIZE        =   ----       2
   IDATA SIZE       =   ----    ----
   BIT SIZE         =   ----    ----
END OF MODULE INFORMATION.


C51 COMPILATION COMPLETE.  0 WARNING(S),  0 ERROR(S)
