C51 COMPILER V7.06   18B20                                                                 06/11/2017 18:09:57 PAGE 1   


C51 COMPILER V7.06, COMPILATION OF MODULE 18B20
OBJECT MODULE PLACED IN 18b20.OBJ
COMPILER INVOKED BY: E:\Keil\C51\BIN\C51.EXE 18b20.c BROWSE DEBUG OBJECTEXTEND

stmt level    source

   1          #include"delay.h"
   2          #include"18b20.h"
   3          /*------------------------------------------------
   4                              18b20复位 
   5          ------------------------------------------------*/
   6          bit Reset_DS18B20(void)
   7          {
   8   1       bit dat=0;
   9   1       DQ = 1;    //DQ复位
  10   1       DelayUs2x(5);   //稍做延时
  11   1       DQ = 0;         //单片机将DQ拉低
  12   1       DelayUs2x(200); //精确延时 大于 480us 小于960us
  13   1       DelayUs2x(200);
  14   1       DQ = 1;        //拉高总线
  15   1       DelayUs2x(50); //15~60us 后 接收60-240us的存在脉冲
  16   1       dat=DQ;        //如果x=0则初始化成功, x=1则初始化失败
  17   1       DelayUs2x(25); //稍作延时返回
  18   1       return dat;
  19   1      }
  20          
  21          /*------------------------------------------------
  22                              读取一个字节
  23          ------------------------------------------------*/
  24          unsigned char ReadOneChar(void)
  25          {
  26   1      unsigned char i=0;
  27   1      unsigned char dat = 0;
  28   1      for (i=8;i>0;i--)
  29   1       {
  30   2        DQ = 0; // 给脉冲信号
  31   2        dat>>=1;
  32   2        DQ = 1; // 给脉冲信号
  33   2        if(DQ)
  34   2         dat|=0x80;
  35   2        DelayUs2x(25);
  36   2       }
  37   1       return(dat);
  38   1      }
  39          /*------------------------------------------------
  40                              写入一个字节
  41          ------------------------------------------------*/
  42          void WriteOneChar(unsigned char dat)
  43          {
  44   1       unsigned char i=0;
  45   1       for (i=8; i>0; i--)
  46   1       {
  47   2        DQ = 0;
  48   2        DQ = dat&0x01;
  49   2        DelayUs2x(25);
  50   2        DQ = 1;
  51   2        dat>>=1;
  52   2       }
  53   1      DelayUs2x(25);
  54   1      }
  55          
C51 COMPILER V7.06   18B20                                                                 06/11/2017 18:09:57 PAGE 2   

  56          /*------------------------------------------------
  57                              读取温度
  58          ------------------------------------------------*/
  59          unsigned int ReadTemperature(void)
  60          {
  61   1      unsigned char a=0;
  62   1      unsigned int b=0;
  63   1      unsigned int t=0;
  64   1      Reset_DS18B20();
  65   1      WriteOneChar(0xCC); // 跳过读序号列号的操作
  66   1      WriteOneChar(0x44); // 启动温度转换
  67   1      DelayMs(10);
  68   1      Reset_DS18B20();
  69   1      WriteOneChar(0xCC); //跳过读序号列号的操作 
  70   1      WriteOneChar(0xBE); //读取温度寄存器等（共可读9个寄存器） 前两个就是温度
  71   1      a=ReadOneChar();   //低位
  72   1      b=ReadOneChar();   //高位
  73   1      
  74   1      b<<=8;
  75   1      t=a+b;
  76   1      
  77   1      return(t);
  78   1      }


MODULE INFORMATION:   STATIC OVERLAYABLE
   CODE SIZE        =    183    ----
   CONSTANT SIZE    =   ----    ----
   XDATA SIZE       =   ----    ----
   PDATA SIZE       =   ----    ----
   DATA SIZE        =   ----       5
   IDATA SIZE       =   ----    ----
   BIT SIZE         =   ----       1
END OF MODULE INFORMATION.


C51 COMPILATION COMPLETE.  0 WARNING(S),  0 ERROR(S)
