C51 COMPILER V7.06   PLAYMUSIC                                                             06/11/2017 18:09:56 PAGE 1   


C51 COMPILER V7.06, COMPILATION OF MODULE PLAYMUSIC
OBJECT MODULE PLACED IN playmusic.OBJ
COMPILER INVOKED BY: E:\Keil\C51\BIN\C51.EXE playmusic.c BROWSE DEBUG OBJECTEXTEND

stmt level    source

   1          #include<reg52.h>
   2          #include"playmusic.h"
   3          #include"delay.h"
   4          //蜂鸣器函数
   5          unsigned char SONG_TONE[]={212,212,190,212,159,169,212,212,190,212,142,159,212,212,106,126,159,169,190,119
             -,119,126,159,142,159,0};
   6          unsigned char SONG_LONG[]={9,3,12,12,12,24,9,3,12,12,12,24,9,3,12,12,12,12,12,9,3,12,12,12,24,0};
   7          void PlayMusic()
   8          {
   9   1      unsigned int i=0,j,k;
  10   1      //if(Cancel_Alarm_flag==1){break;}
  11   1      //Time_seted_flag=0;
  12   1      while(SONG_LONG[i]!=0||SONG_TONE[i]!=0)
  13   1      { //播放各个音符，SONG_LONG 为拍子长度
  14   2          for(j=0;j<SONG_LONG[i]*20;j++)
  15   2      {
  16   3          beep=~beep;
  17   3      //SONG_TONE 延时表决定了每个音符的频率
  18   3          for(k=0;k<SONG_TONE[i]/3;k++);
  19   3      }
  20   2          DelayMs(10);
  21   2          i++;
  22   2      }
  23   1      
  24   1      }


MODULE INFORMATION:   STATIC OVERLAYABLE
   CODE SIZE        =     97    ----
   CONSTANT SIZE    =   ----    ----
   XDATA SIZE       =   ----    ----
   PDATA SIZE       =   ----    ----
   DATA SIZE        =     52       2
   IDATA SIZE       =   ----    ----
   BIT SIZE         =   ----    ----
END OF MODULE INFORMATION.


C51 COMPILATION COMPLETE.  0 WARNING(S),  0 ERROR(S)
