C51 COMPILER V7.06   MAIN                                                                  05/09/2017 09:11:14 PAGE 1   


C51 COMPILER V7.06, COMPILATION OF MODULE MAIN
OBJECT MODULE PLACED IN main.OBJ
COMPILER INVOKED BY: E:\Keil\C51\BIN\C51.EXE main.c BROWSE DEBUG OBJECTEXTEND

stmt level    source

   1          #include<reg52.h>
   2          
   3          sbit A1=P1^0;
   4          sbit B1=P1^1;
   5          sbit C1=P1^2;
   6          sbit D1=P1^3;
   7          
   8          #define Coil_A1 {A1=1;B1=0;C1=0;D1=0;}
   9          #define Coil_B1 {A1=0;B1=1;C1=0;D1=0;}
  10          #define Coil_C1 {A1=0;B1=0;C1=1;D1=0;}
  11          #define Coil_D1 {A1=0;B1=0;C1=0;D1=1;}
  12          #define Coil_OFF {A1=0;B1=0;C1=0;D1=0;}
  13          
  14          unsigned char Speed;
  15          
  16          void DelayUs2x(unsigned char t)
  17          {   
  18   1       while(--t);
  19   1      }
  20          
  21          void DelayMs(unsigned char t)
  22          {
  23   1           
  24   1       while(t--)
  25   1       {
  26   2           DelayUs2x(245);
  27   2               DelayUs2x(245);
  28   2       }
  29   1      }
  30          main(){
  31   1              int i;
  32   1              Speed=2;                
  33   1              while(1){
  34   2                      for(i=0;i<128;i++){
  35   3                      Coil_A1
  36   3                      DelayMs(Speed);
  37   3                      Coil_B1
  38   3                      DelayMs(Speed);
  39   3                      Coil_C1
  40   3                      DelayMs(Speed);
  41   3                      Coil_D1
  42   3                      DelayMs(Speed);
  43   3      }
  44   2                      for(i=0;i<128;i++){
  45   3                      Coil_D1
  46   3                      DelayMs(Speed);
  47   3                      Coil_C1
  48   3                      DelayMs(Speed);
  49   3                      Coil_B1
  50   3                      DelayMs(Speed);
  51   3                      Coil_A1
  52   3                      DelayMs(Speed);
  53   3      }       
  54   2      }
  55   1      }
C51 COMPILER V7.06   MAIN                                                                  05/09/2017 09:11:14 PAGE 2   



MODULE INFORMATION:   STATIC OVERLAYABLE
   CODE SIZE        =    139    ----
   CONSTANT SIZE    =   ----    ----
   XDATA SIZE       =   ----    ----
   PDATA SIZE       =   ----    ----
   DATA SIZE        =      1    ----
   IDATA SIZE       =   ----    ----
   BIT SIZE         =   ----    ----
END OF MODULE INFORMATION.


C51 COMPILATION COMPLETE.  0 WARNING(S),  0 ERROR(S)
