C51 COMPILER V7.06   MAIN                                                                  03/09/2017 17:50:39 PAGE 1   


C51 COMPILER V7.06, COMPILATION OF MODULE MAIN
OBJECT MODULE PLACED IN main.OBJ
COMPILER INVOKED BY: D:\Keil-3\C51\BIN\C51.EXE main.c BROWSE DEBUG OBJECTEXTEND

stmt level    source

   1          #include <reg51.h>              
   2          #define uint unsigned int 
   3          #define uchar unsigned char
   4          void delayms(uint);             
   5          uchar a,b;          
   6          void main()                     
   7          {
   8   1      int n,m,x;
   9   1      a=0xfe;
  10   1      b=0x7f;                                  
  11   1              while(1)                        
  12   1              {
  13   2                      for(m=9;m>1;m--){
  14   3              P1=b;
  15   3                      delayms(50);
  16   3              b=(b>>1)|0x80;
  17   3              if(b==0xff){
  18   4                          b=0x7f;  break; }
  19   3                      }               
  20   2      
  21   2                      for(n=9;n>1;n--){
  22   3              P1=a;
  23   3                      delayms(50);            
  24   3              a=(a<<1)|1;
  25   3              if(a==0xff){
  26   4                       a=0xfe;   break;}      
  27   3                      }               
  28   2                              
  29   2              }
  30   1      }
*** WARNING C280 IN LINE 8 OF MAIN.C: 'x': unreferenced local variable
  31          
  32          void delayms(uint xms)  
  33          {
  34   1              uint i,j;
  35   1              for(i=xms;i>0;i--)                    
  36   1                      for(j=110;j>0;j--);
  37   1      }


MODULE INFORMATION:   STATIC OVERLAYABLE
   CODE SIZE        =    144    ----
   CONSTANT SIZE    =   ----    ----
   XDATA SIZE       =   ----    ----
   PDATA SIZE       =   ----    ----
   DATA SIZE        =      2       6
   IDATA SIZE       =   ----    ----
   BIT SIZE         =   ----    ----
END OF MODULE INFORMATION.


C51 COMPILATION COMPLETE.  1 WARNING(S),  0 ERROR(S)
