C51 COMPILER V7.06   PLAYMUSIC                                                             06/13/2017 07:45:55 PAGE 1   


C51 COMPILER V7.06, COMPILATION OF MODULE PLAYMUSIC
OBJECT MODULE PLACED IN playmusic.OBJ
COMPILER INVOKED BY: E:\Keil\C51\BIN\C51.EXE playmusic.c BROWSE DEBUG OBJECTEXTEND

stmt level    source

   1          #include<reg52.h>
   2          #include"playmusic.h"
   3          #include"delay.h"
   4          unsigned char SONG_TONE[]={212,212,190,212,159,169,212,212,190,212,142,159,212,212,106,126,159,169,190,119
             -,119,126,159,142,159,0};
   5          unsigned char SONG_LONG[]={9,3,12,12,12,24,9,3,12,12,12,24,9,3,12,12,12,12,12,9,3,12,12,12,24,0};
   6          void PlayMusic()
   7          {
   8   1      unsigned int i=0,j,k;
   9   1      while(SONG_LONG[i]!=0||SONG_TONE[i]!=0)
  10   1      { //播放各个音符，SONG_LONG 为拍子长度
  11   2          for(j=0;j<SONG_LONG[i]*20;j++)
  12   2      {
  13   3          beep=~beep;
  14   3      //SONG_TONE 延时表决定了每个音符的频率
  15   3          for(k=0;k<SONG_TONE[i]/3;k++);
  16   3      }
  17   2          DelayMs(10);
  18   2          i++;
  19   2      }
  20   1      
  21   1      }


MODULE INFORMATION:   STATIC OVERLAYABLE
   CODE SIZE        =     97    ----
   CONSTANT SIZE    =   ----    ----
   XDATA SIZE       =   ----    ----
   PDATA SIZE       =   ----    ----
   DATA SIZE        =     52       2
   IDATA SIZE       =   ----    ----
   BIT SIZE         =   ----    ----
END OF MODULE INFORMATION.


C51 COMPILATION COMPLETE.  0 WARNING(S),  0 ERROR(S)
